07/04/2013 08:06:20 pm : Key press 9
07/04/2013 08:06:22 pm : playing PremchandKiKahaaniyan
07/04/2013 08:06:23 pm : using sentence navigation with direction = 1
07/04/2013 08:06:23 pm : Key press 39
07/04/2013 08:06:24 pm : Key press 39
07/04/2013 08:06:24 pm : using sentence navigation with direction = 1
07/04/2013 08:06:25 pm : Key press 37
07/04/2013 08:06:25 pm : using sentence navigation with direction = -1
07/04/2013 08:06:26 pm : Key press 190
07/04/2013 08:06:26 pm : using 0 navigation with direction = 1
07/04/2013 08:06:27 pm : Key press 32
07/04/2013 08:07:54 pm : playing PremchandKiKahaaniyan
07/04/2013 08:07:57 pm : using sentence navigation with direction = 1
07/04/2013 08:07:57 pm : Key press 39
07/04/2013 08:07:57 pm : Key press 39
07/04/2013 08:07:57 pm : using sentence navigation with direction = 1
07/04/2013 08:07:58 pm : Key press 39
07/04/2013 08:07:58 pm : using sentence navigation with direction = 1
07/04/2013 08:07:59 pm : Key press 32
07/04/2013 08:50:27 pm : Key press 9
07/04/2013 08:51:47 pm : Key press 81
07/04/2013 08:51:47 pm : Key press 81
07/04/2013 08:51:48 pm : Key press 81
07/04/2013 08:51:48 pm : Key press 81
07/04/2013 08:51:49 pm : Key press 81
07/04/2013 08:51:49 pm : Key press 81
07/04/2013 08:51:49 pm : Key press 81
07/04/2013 08:59:06 pm : Key press 17
07/04/2013 08:59:06 pm : Key press 9
07/04/2013 09:09:32 pm : Key press 66
07/04/2013 09:09:38 pm : playing Nirmala_Premchand
07/04/2013 09:09:41 pm : Key press 32
07/04/2013 09:13:25 pm : Key press 66
07/04/2013 09:13:28 pm : Key press 27
07/04/2013 09:13:29 pm : Key press 75
07/04/2013 09:13:43 pm : Key press 66
07/04/2013 09:14:03 pm : Key press 27
07/04/2013 09:14:08 pm : Key press 75
07/04/2013 09:14:12 pm : Key press 32
07/04/2013 09:14:45 pm : Key press 66
07/04/2013 09:14:48 pm : Key press 27
07/04/2013 09:15:41 pm : playing Nirmala_Premchand
07/04/2013 09:15:45 pm : Key press 32
07/04/2013 09:16:22 pm : Key press 75
07/04/2013 09:16:31 pm : Key press 27
07/04/2013 09:18:11 pm : Key press 66
07/04/2013 09:18:14 pm : Key press 27
07/04/2013 09:18:14 pm : Key press 75
07/04/2013 09:19:12 pm : Key press 27
07/04/2013 10:58:02 pm : playing Nirmala_Premchand
07/04/2013 10:58:03 pm : Key press 66
07/04/2013 10:58:07 pm : Key press 67
07/04/2013 10:58:07 pm : Key press 72
07/04/2013 10:58:08 pm : Key press 69
07/04/2013 10:58:08 pm : Key press 67
07/04/2013 10:58:08 pm : Key press 75
07/04/2013 10:58:08 pm : Key press 32
07/04/2013 10:58:08 pm : Key press 74
07/04/2013 10:58:08 pm : Key press 65
07/04/2013 10:58:08 pm : Key press 86
07/04/2013 10:58:08 pm : Key press 65
07/04/2013 10:58:09 pm : Key press 83
07/04/2013 10:58:09 pm : Key press 67
07/04/2013 10:58:09 pm : Key press 82
07/04/2013 10:58:09 pm : Key press 73
07/04/2013 10:58:10 pm : Key press 80
07/04/2013 10:58:10 pm : Key press 84
07/04/2013 10:58:12 pm : create bookmark for Nirmala_Premchand
07/04/2013 10:58:12 pm : create bookmark for Nirmala_Premchand
07/04/2013 10:58:12 pm : create bookmark for Nirmala_Premchand
07/04/2013 10:58:13 pm : Key press 75
07/04/2013 10:58:26 pm : Key press 9
07/04/2013 10:58:29 pm : Key press 32
07/04/2013 10:58:40 pm : Key press 9
07/04/2013 10:58:42 pm : Key press 9
07/04/2013 10:58:44 pm : playing Nirmala_Premchand
07/04/2013 10:58:47 pm : Key press 75
07/04/2013 10:58:50 pm : Key press 66
07/04/2013 10:58:52 pm : Key press 67
07/04/2013 10:58:52 pm : Key press 72
07/04/2013 10:58:52 pm : Key press 69
07/04/2013 10:58:52 pm : Key press 67
07/04/2013 10:58:52 pm : Key press 75
07/04/2013 10:58:53 pm : Key press 50
07/04/2013 10:58:55 pm : create bookmark for Nirmala_Premchand
07/04/2013 10:58:55 pm : create bookmark for Nirmala_Premchand
07/04/2013 10:58:55 pm : create bookmark for Nirmala_Premchand
07/04/2013 10:58:56 pm : Key press 75
07/04/2013 10:59:10 pm : playing Nirmala_Premchand
07/04/2013 10:59:11 pm : Key press 75
07/04/2013 10:59:23 pm : Key press 27
07/04/2013 10:59:29 pm : added book Nirmala_Premchand to mybooks
07/04/2013 10:59:29 pm : added book Nirmala_Premchand to mybooks
07/04/2013 10:59:29 pm : added book Nirmala_Premchand to mybooks
07/04/2013 11:01:05 pm : Key press 9
07/04/2013 11:03:35 pm : playing Nirmala_Premchand
07/04/2013 11:03:40 pm : added book Nirmala_Premchand to mybooks
07/04/2013 11:03:40 pm : added book Nirmala_Premchand to mybooks
07/04/2013 11:03:41 pm : added book Nirmala_Premchand to mybooks
07/04/2013 11:03:41 pm : added book Nirmala_Premchand to mybooks
07/04/2013 11:03:42 pm : Key press 32
07/04/2013 11:03:42 pm : added book Nirmala_Premchand to mybooks
07/04/2013 11:03:42 pm : added book Nirmala_Premchand to mybooks
07/04/2013 11:03:42 pm : added book Nirmala_Premchand to mybooks
07/04/2013 11:04:03 pm : Key press 9
07/04/2013 11:04:05 pm : playing Nirmala_Premchand
07/04/2013 11:04:09 pm : playing Nirmala_Premchand
07/04/2013 11:04:11 pm : Key press 32
07/04/2013 11:04:16 pm : Key press 9
07/04/2013 11:05:26 pm : playing Nirmala_Premchand
07/04/2013 11:05:30 pm : playing Nirmala_Premchand
07/04/2013 11:05:31 pm : Key press 32
07/04/2013 11:15:45 pm : Key press 9
07/05/2013 01:18:29 am : Key press 9
07/05/2013 01:21:04 am : Key press 9
07/05/2013 01:23:21 am : Key press 9
07/05/2013 01:23:52 am : Key press 9
07/05/2013 01:24:06 am : Key press 9
07/05/2013 01:26:56 am : playing Prnayathinte_thirichadi
07/05/2013 01:26:58 am : Key press 17
07/05/2013 01:27:00 am : Key press 32
07/05/2013 01:27:03 am : Key press 9
07/05/2013 01:28:16 am : Key press 9
07/05/2013 01:52:51 am : Key press 66
07/05/2013 01:54:21 am : Key press 66
07/05/2013 01:54:24 am : create bookmark for Prnayathinte_thirichadfasdfasdfasdfa
07/05/2013 01:54:24 am : create bookmark for Prnayathinte_thirichadfasdfasdfasdfa
07/05/2013 01:54:24 am : create bookmark for Prnayathinte_thirichadfasdfasdfasdfa
07/05/2013 01:54:28 am : Key press 75
07/05/2013 01:54:43 am : Key press 27
07/05/2013 01:54:57 am : Key press 9
07/05/2013 01:55:16 am : playing Prnayathinte_thirichadi
07/05/2013 01:55:19 am : Key press 32
07/05/2013 01:55:39 am : Key press 66
07/05/2013 01:55:40 am : Key press 13
07/05/2013 01:56:02 am : Key press 9
07/05/2013 02:02:46 am : Key press 27
07/05/2013 02:02:55 am : playing Nirmala_Premchand
07/05/2013 02:02:58 am : Key press 75
07/05/2013 02:05:36 am : Key press 9
07/05/2013 02:05:40 am : playing Nirmala_Premchand
07/05/2013 02:05:46 am : Key press 9
07/05/2013 02:05:49 am : playing Nirmala_Premchand
07/05/2013 02:05:51 am : Key press 66
07/05/2013 02:05:52 am : Key press 27
07/05/2013 02:05:52 am : Key press 75
07/05/2013 02:06:28 am : Key press 9
07/05/2013 02:06:55 am : Key press 9
07/05/2013 02:06:58 am : playing Nirmala_Premchand
07/05/2013 02:07:00 am : Key press 75
07/05/2013 02:07:02 am : Key press 75
07/05/2013 02:07:08 am : Key press 27
07/05/2013 02:07:23 am : Key press 9
07/05/2013 02:07:26 am : playing Nirmala_Premchand
07/05/2013 02:07:27 am : Key press 75
07/05/2013 02:07:28 am : Key press 75
07/05/2013 02:07:31 am : Key press 27
07/05/2013 02:08:16 am : Key press 9
07/05/2013 02:08:20 am : playing Nirmala_Premchand
07/05/2013 02:08:21 am : Key press 75
07/05/2013 02:11:51 am : playing Nirmala_Premchand
07/05/2013 02:11:53 am : Key press 75
07/05/2013 02:12:01 am : Key press 27
07/05/2013 02:13:53 am : Key press 9
07/05/2013 02:13:56 am : Key press 9
07/05/2013 02:13:59 am : Key press 9
07/05/2013 02:14:10 am : playing Nirmala_Premchand
07/05/2013 02:14:10 am : Key press 75
07/05/2013 02:14:11 am : Key press 75
07/05/2013 02:14:12 am : Key press 75
07/05/2013 02:18:41 am : playing Nirmala_Premchand
07/05/2013 02:18:41 am : Key press 75
07/05/2013 02:18:42 am : Key press 75
07/05/2013 02:18:43 am : Key press 75
07/05/2013 02:18:46 am : Key press 75
07/05/2013 02:18:49 am : Key press 27
07/05/2013 02:19:12 am : Key press 66
07/05/2013 02:19:14 am : Key press 83
07/05/2013 02:19:14 am : Key press 65
07/05/2013 02:19:14 am : Key press 77
07/05/2013 02:19:14 am : Key press 69
07/05/2013 02:19:14 am : Key press 80
07/05/2013 02:19:15 am : Key press 8
07/05/2013 02:19:15 am : Key press 8
07/05/2013 02:19:15 am : Key press 80
07/05/2013 02:19:16 am : Key press 76
07/05/2013 02:19:16 am : Key press 69
07/05/2013 02:19:16 am : Key press 32
07/05/2013 02:19:16 am : Key press 8
07/05/2013 02:19:17 am : Key press 49
07/05/2013 02:19:18 am : create bookmark for Books/Nirmala_Premchand
07/05/2013 02:19:18 am : create bookmark for Books/Nirmala_Premchand
07/05/2013 02:19:18 am : create bookmark for Books/Nirmala_Premchand
07/05/2013 02:19:22 am : create bookmark for Books/Nirmala_Premchand
07/05/2013 02:19:24 am : Key press 75
07/05/2013 02:19:25 am : Key press 27
07/05/2013 02:20:09 am : Key press 9
07/05/2013 02:20:12 am : Key press 66
07/05/2013 02:20:14 am : create bookmark for Books/Nirmala_Premchand
07/05/2013 02:20:14 am : create bookmark for Books/Nirmala_Premchand
07/05/2013 02:20:14 am : create bookmark for Books/Nirmala_Premchand
07/05/2013 02:20:14 am : create bookmark for Books/Nirmala_Premchand
07/05/2013 02:20:15 am : create bookmark for Books/Nirmala_Premchand
07/05/2013 02:20:21 am : Key press 9
07/05/2013 02:20:25 am : Key press 13
07/05/2013 02:20:30 am : playing Nirmala_Premchand
07/05/2013 02:20:31 am : Key press 66
07/05/2013 02:20:34 am : create bookmark for Books/Nirmala_Premchand
07/05/2013 02:20:34 am : create bookmark for Books/Nirmala_Premchand
07/05/2013 02:20:34 am : create bookmark for Books/Nirmala_Premchand
07/05/2013 02:20:34 am : create bookmark for Books/Nirmala_Premchand
07/05/2013 02:20:35 am : create bookmark for Books/Nirmala_Premchand
07/05/2013 02:21:02 am : Key press 9
07/05/2013 02:21:04 am : Key press 75
07/05/2013 02:21:05 am : Key press 27
07/05/2013 02:21:06 am : Key press 66
07/05/2013 02:21:07 am : create bookmark for Books/Nirmala_Premchand
07/05/2013 02:21:07 am : create bookmark for Books/Nirmala_Premchand
07/05/2013 02:21:07 am : create bookmark for Books/Nirmala_Premchand
07/05/2013 02:21:07 am : create bookmark for Books/Nirmala_Premchand
07/05/2013 02:21:09 am : create bookmark for Books/Nirmala_Premchand
07/05/2013 02:21:33 am : Key press 9
07/05/2013 02:21:36 am : playing Nirmala_Premchand
07/05/2013 02:21:36 am : Key press 66
07/05/2013 02:21:38 am : Key press 66
07/05/2013 02:21:40 am : create bookmark for Books/Nirmala_Premchand
07/05/2013 02:21:40 am : create bookmark for Books/Nirmala_Premchand
07/05/2013 02:21:40 am : create bookmark for Books/Nirmala_Premchand
07/05/2013 02:21:40 am : create bookmark for Books/Nirmala_Premchand
07/05/2013 02:21:49 am : create bookmark for Books/Nirmala_Premchand
07/05/2013 02:22:03 am : Key press 9
07/05/2013 02:22:05 am : Key press 66
07/05/2013 02:22:06 am : create bookmark for Books/Nirmala_Premchand
07/05/2013 02:22:06 am : create bookmark for Books/Nirmala_Premchand
07/05/2013 02:22:06 am : create bookmark for Books/Nirmala_Premchand
07/05/2013 02:22:06 am : create bookmark for Books/Nirmala_Premchand
07/05/2013 02:22:06 am : create bookmark for Books/Nirmala_Premchand
07/05/2013 02:22:06 am : create bookmark for Books/Nirmala_Premchand
07/05/2013 02:22:06 am : create bookmark for Books/Nirmala_Premchand
07/05/2013 02:22:19 am : create bookmark for Books/Nirmala_Premchand
07/05/2013 02:23:42 am : Key press 9
07/05/2013 02:27:34 am : Key press 66
07/05/2013 02:27:35 am : create bookmark for Books/Nirmala_Premchand
07/05/2013 02:27:35 am : create bookmark for Books/Nirmala_Premchand
07/05/2013 02:27:35 am : create bookmark for Books/Nirmala_Premchand
07/05/2013 02:27:35 am : create bookmark for Books/Nirmala_Premchand
07/05/2013 02:27:35 am : create bookmark for Books/Nirmala_Premchand
07/05/2013 02:27:35 am : create bookmark for Books/Nirmala_Premchand
07/05/2013 02:27:37 am : create bookmark for Books/Nirmala_Premchand
07/05/2013 02:27:53 am : playing Nirmala_Premchand
07/05/2013 02:27:54 am : Key press 75
07/05/2013 02:27:55 am : Key press 27
07/05/2013 02:27:55 am : Key press 66
07/05/2013 02:27:57 am : create bookmark for Books/Nirmala_Premchand
07/05/2013 02:27:57 am : create bookmark for Books/Nirmala_Premchand
07/05/2013 02:27:57 am : create bookmark for Books/Nirmala_Premchand
07/05/2013 02:27:57 am : create bookmark for Books/Nirmala_Premchand
07/05/2013 02:28:00 am : create bookmark for Books/Nirmala_Premchand
07/05/2013 02:28:23 am : Key press 9
07/05/2013 02:28:26 am : Key press 66
07/05/2013 02:28:27 am : create bookmark for Books/Nirmala_Premchand
07/05/2013 02:28:27 am : create bookmark for Books/Nirmala_Premchand
07/05/2013 02:28:27 am : create bookmark for Books/Nirmala_Premchand
07/05/2013 02:28:27 am : create bookmark for Books/Nirmala_Premchand
07/05/2013 02:28:27 am : create bookmark for Books/Nirmala_Premchand
07/05/2013 02:28:27 am : create bookmark for Books/Nirmala_Premchand
07/05/2013 02:28:54 am : create bookmark for Books/Nirmala_Premchand
07/05/2013 02:29:26 am : Key press 9
07/05/2013 02:29:28 am : Key press 66
07/05/2013 02:29:29 am : create bookmark for Books/Nirmala_Premchand
07/05/2013 02:29:29 am : create bookmark for Books/Nirmala_Premchand
07/05/2013 02:30:10 am : create bookmark for Books/Nirmala_Premchand
07/05/2013 02:30:10 am : Key press 18
07/05/2013 02:30:32 am : Key press 66
07/05/2013 02:30:33 am : create bookmark for Books/Nirmala_Premchand
07/05/2013 02:30:33 am : create bookmark for Books/Nirmala_Premchand
07/05/2013 02:30:35 am : create bookmark for Books/Nirmala_Premchand
07/05/2013 02:30:41 am : Key press 9
07/05/2013 02:30:42 am : Key press 66
07/05/2013 02:30:43 am : create bookmark for Books/Nirmala_Premchand
07/05/2013 02:30:44 am : create bookmark for Books/Nirmala_Premchand
07/05/2013 02:30:51 am : Key press 9
07/05/2013 02:31:15 am : Key press 9
07/05/2013 02:31:59 am : playing Nirmala_Premchand
07/05/2013 02:32:09 am : playing Nirmala_Premchand
07/05/2013 02:32:09 am : Key press 66
07/05/2013 02:32:11 am : Key press 66
07/05/2013 02:32:12 am : create bookmark for Books/Nirmala_Premchand
07/05/2013 02:32:13 am : create bookmark for Books/Nirmala_Premchand
07/05/2013 02:32:15 am : Key press 9
07/05/2013 02:32:19 am : Key press 9
07/05/2013 02:32:20 am : Key press 66
07/05/2013 02:32:22 am : create bookmark for Books/Nirmala_Premchand
07/05/2013 02:32:22 am : create bookmark for Books/Nirmala_Premchand
07/05/2013 02:32:49 am : create bookmark for Books/Nirmala_Premchand
07/05/2013 02:34:11 am : Key press 9
07/05/2013 02:34:15 am : playing Nirmala_Premchand
07/05/2013 02:34:17 am : Key press 66
07/05/2013 02:34:18 am : create bookmark for Books/Nirmala_Premchand
07/05/2013 02:34:18 am : create bookmark for Books/Nirmala_Premchand
07/05/2013 02:34:18 am : create bookmark for Books/Nirmala_Premchand
07/05/2013 02:34:21 am : Key press 66
07/05/2013 02:34:22 am : create bookmark for Books/Nirmala_Premchand
07/05/2013 02:34:22 am : create bookmark for Books/Nirmala_Premchand
07/05/2013 02:34:22 am : create bookmark for Books/Nirmala_Premchand
07/05/2013 02:34:32 am : Key press 9
07/05/2013 02:34:33 am : Key press 66
07/05/2013 02:34:34 am : Key press 27
07/05/2013 02:34:37 am : playing Nirmala_Premchand
07/05/2013 02:34:39 am : Key press 66
07/05/2013 02:34:40 am : create bookmark for Books/Nirmala_Premchand
07/05/2013 02:34:40 am : create bookmark for Books/Nirmala_Premchand
07/05/2013 02:34:42 am : create bookmark for Books/Nirmala_Premchand
07/05/2013 02:35:02 am : Key press 9
07/05/2013 02:35:03 am : Key press 66
07/05/2013 02:35:05 am : create bookmark for Books/Nirmala_Premchand
07/05/2013 02:35:05 am : create bookmark for Books/Nirmala_Premchand
07/05/2013 02:35:07 am : create bookmark for Books/Nirmala_Premchand
07/05/2013 02:35:27 am : Key press 9
07/05/2013 02:35:28 am : Key press 66
07/05/2013 02:35:30 am : create bookmark for Books/Nirmala_Premchand
07/05/2013 02:35:30 am : create bookmark for Books/Nirmala_Premchand
07/05/2013 02:35:32 am : create bookmark for Books/Nirmala_Premchand
07/05/2013 02:35:49 am : Key press 9
07/05/2013 02:35:50 am : Key press 66
07/05/2013 02:35:50 am : create bookmark for Books/Nirmala_Premchand
07/05/2013 02:35:50 am : create bookmark for Books/Nirmala_Premchand
07/05/2013 02:35:58 am : create bookmark for Books/Nirmala_Premchand
07/05/2013 02:36:00 am : Key press 9
07/05/2013 02:36:02 am : Key press 66
07/05/2013 02:36:03 am : create bookmark for Books/Nirmala_Premchand
07/05/2013 02:36:03 am : create bookmark for Books/Nirmala_Premchand
07/05/2013 02:36:11 am : create bookmark for Books/Nirmala_Premchand
07/05/2013 02:36:57 am : Key press 9
07/05/2013 02:36:58 am : Key press 66
07/05/2013 02:37:00 am : playing Nirmala_Premchand
07/05/2013 02:37:01 am : Key press 66
07/05/2013 02:37:03 am : Key press 66
07/05/2013 02:37:08 am : create bookmark for Books/Nirmala_Premchand
07/05/2013 02:37:08 am : create bookmark for Books/Nirmala_Premchand
07/05/2013 02:37:29 am : create bookmark for Books/Nirmala_Premchand
07/05/2013 02:37:31 am : Key press 66
07/05/2013 02:37:33 am : create bookmark for Books/Nirmala_Premchand
07/05/2013 02:37:33 am : create bookmark for Books/Nirmala_Premchand
07/05/2013 02:38:01 am : create bookmark for Books/Nirmala_Premchand
07/05/2013 02:38:03 am : playing Nirmala_Premchand
07/05/2013 02:38:03 am : Key press 66
07/05/2013 02:38:05 am : Key press 66
07/05/2013 02:38:06 am : create bookmark for Books/Nirmala_Premchand
07/05/2013 02:38:06 am : create bookmark for Books/Nirmala_Premchand
07/05/2013 02:39:01 am : create bookmark for Books/Nirmala_Premchand
07/05/2013 02:39:03 am : playing Nirmala_Premchand
07/05/2013 02:39:04 am : Key press 66
07/05/2013 02:39:05 am : Key press 66
07/05/2013 02:39:07 am : create bookmark for Books/Nirmala_Premchand
07/05/2013 02:39:07 am : create bookmark for Books/Nirmala_Premchand
07/05/2013 02:39:08 am : create bookmark for Books/Nirmala_Premchand
07/05/2013 02:39:27 am : Key press 9
07/05/2013 02:39:29 am : playing Nirmala_Premchand
07/05/2013 02:39:30 am : Key press 66
07/05/2013 02:39:32 am : create bookmark for Books/Nirmala_Premchand
07/05/2013 02:39:32 am : create bookmark for Books/Nirmala_Premchand
07/05/2013 02:39:42 am : create bookmark for Books/Nirmala_Premchand
07/05/2013 02:39:44 am : playing Nirmala_Premchand
07/05/2013 02:39:46 am : Key press 66
07/05/2013 02:39:50 am : create bookmark for Books/Nirmala_Premchand
07/05/2013 02:39:50 am : create bookmark for Books/Nirmala_Premchand
07/05/2013 02:40:00 am : create bookmark for Books/Nirmala_Premchand
07/05/2013 02:40:26 am : Key press 9
07/05/2013 02:40:27 am : Key press 66
07/05/2013 02:40:28 am : create bookmark for Books/Nirmala_Premchand
07/05/2013 02:40:28 am : create bookmark for Books/Nirmala_Premchand
07/05/2013 02:40:32 am : create bookmark for Books/Nirmala_Premchand
07/05/2013 02:42:02 am : Key press 66
07/05/2013 02:42:04 am : create bookmark for Books/Nirmala_Premchand
07/05/2013 02:42:04 am : create bookmark for Books/Nirmala_Premchand
07/05/2013 02:42:06 am : create bookmark for Books/Nirmala_Premchand
07/05/2013 02:42:31 am : Key press 9
07/05/2013 02:42:32 am : Key press 66
07/05/2013 02:42:34 am : create bookmark for Books/Nirmala_Premchand
07/05/2013 02:42:34 am : create bookmark for Books/Nirmala_Premchand
07/05/2013 02:42:35 am : create bookmark for Books/Nirmala_Premchand
07/05/2013 02:43:05 am : Key press 9
07/05/2013 02:43:06 am : Key press 66
07/05/2013 02:43:08 am : create bookmark for Books/Nirmala_Premchand
07/05/2013 02:43:08 am : create bookmark for Books/Nirmala_Premchand
07/05/2013 02:43:08 am : create bookmark for Books/Nirmala_Premchand
07/05/2013 02:44:02 am : playing Nirmala_Premchand
07/05/2013 02:44:04 am : Key press 75
07/05/2013 02:44:11 am : Key press 27
07/05/2013 02:44:12 am : Key press 75
07/05/2013 02:44:16 am : Key press 27
07/05/2013 02:44:16 am : Key press 66
07/05/2013 02:44:19 am : create bookmark for Books/Nirmala_Premchand
07/05/2013 02:44:19 am : create bookmark for Books/Nirmala_Premchand
07/05/2013 02:44:27 am : create bookmark for Books/Nirmala_Premchand
07/05/2013 02:45:09 am : Key press 9
07/05/2013 02:45:10 am : Key press 66
07/05/2013 02:45:11 am : create bookmark for Books/Nirmala_Premchand
07/05/2013 02:45:11 am : create bookmark for Books/Nirmala_Premchand
07/05/2013 02:45:12 am : create bookmark for Books/Nirmala_Premchand
07/05/2013 02:46:21 am : Key press 75
07/05/2013 02:46:23 am : Key press 75
07/05/2013 02:46:23 am : Key press 75
07/05/2013 02:46:24 am : Key press 75
07/05/2013 02:46:26 am : playing Nirmala_Premchand
07/05/2013 02:46:28 am : Key press 75
07/05/2013 02:46:28 am : Key press 27
07/05/2013 02:46:29 am : Key press 66
07/05/2013 02:46:30 am : create bookmark for Books/Nirmala_Premchand
07/05/2013 02:46:30 am : create bookmark for Books/Nirmala_Premchand
07/05/2013 02:46:33 am : create bookmark for Books/Nirmala_Premchand
07/05/2013 02:46:44 am : Key press 9
07/05/2013 02:46:51 am : Key press 9
07/05/2013 02:47:09 am : Key press 9
07/05/2013 02:47:10 am : Key press 75
07/05/2013 02:47:14 am : Key press 27
07/05/2013 02:47:17 am : Key press 9
07/05/2013 02:47:51 am : Key press 9
07/05/2013 02:47:54 am : Key press 9
07/05/2013 02:47:55 am : Key press 75
07/05/2013 02:48:03 am : Key press 9
07/05/2013 02:49:04 am : Key press 9
07/05/2013 02:49:08 am : playing Nirmala_Premchand
07/05/2013 02:49:10 am : Key press 75
07/05/2013 02:49:12 am : Key press 27
07/05/2013 02:49:20 am : Key press 9
07/05/2013 02:49:24 am : playing Nirmala_Premchand
07/05/2013 02:49:25 am : Key press 75
07/05/2013 02:49:26 am : Key press 75
07/05/2013 02:49:28 am : Key press 27
07/05/2013 02:50:55 am : Key press 9
07/05/2013 02:50:58 am : playing Nirmala_Premchand
07/05/2013 02:50:59 am : Key press 75
07/05/2013 02:51:01 am : Key press 75
07/05/2013 02:51:04 am : Key press 27
07/05/2013 02:51:09 am : Key press 9
07/05/2013 02:51:09 am : Key press 75
07/05/2013 02:51:13 am : Key press 75
07/05/2013 02:51:27 am : Key press 9
07/05/2013 02:51:29 am : Key press 9
07/05/2013 02:51:29 am : Key press 32
07/05/2013 02:52:23 am : Key press 9
07/05/2013 02:52:34 am : playing Nirmala_Premchand
07/05/2013 02:52:35 am : Key press 75
07/05/2013 02:52:37 am : Key press 90
07/05/2013 02:52:37 am : Key press 91
07/05/2013 02:52:42 am : Key press 27
07/05/2013 02:52:47 am : Key press 9
07/05/2013 02:52:49 am : Key press 75
07/05/2013 02:52:50 am : Key press 27
07/05/2013 02:52:52 am : Key press 9
07/05/2013 02:53:27 am : playing Nirmala_Premchand
07/05/2013 02:53:29 am : Key press 75
07/05/2013 02:53:30 am : Key press 75
07/05/2013 02:53:32 am : Key press 27
07/05/2013 02:53:50 am : Key press 9
07/05/2013 02:54:26 am : playing Nirmala_Premchand
07/05/2013 02:54:27 am : Key press 75
07/05/2013 02:54:29 am : Key press 75
07/05/2013 02:54:33 am : Key press 27
07/05/2013 02:54:38 am : Key press 9
07/05/2013 02:54:42 am : playing Nirmala_Premchand
07/05/2013 02:54:43 am : Key press 13
07/05/2013 02:54:44 am : Key press 75
07/05/2013 02:54:45 am : Key press 27
07/05/2013 02:54:48 am : Key press 9
07/05/2013 02:55:24 am : playing Nirmala_Premchand
07/05/2013 02:55:25 am : Key press 75
07/05/2013 02:55:26 am : Key press 75
07/05/2013 02:57:00 am : playing Nirmala_Premchand
07/05/2013 02:57:02 am : Key press 75
07/05/2013 02:57:03 am : Key press 27
07/05/2013 02:57:03 am : Key press 66
07/05/2013 02:57:05 am : create bookmark for Books/Nirmala_Premchand
07/05/2013 02:57:05 am : create bookmark for Books/Nirmala_Premchand
07/05/2013 02:57:54 am : create bookmark for Books/Nirmala_Premchand
07/05/2013 02:59:09 am : playing Nirmala_Premchand
07/05/2013 02:59:10 am : Key press 66
07/05/2013 02:59:12 am : create bookmark for Books/Nirmala_Premchand
07/05/2013 02:59:12 am : create bookmark for Books/Nirmala_Premchand
07/05/2013 02:59:12 am : create bookmark for Books/Nirmala_Premchand
07/05/2013 02:59:14 am : Key press 75
07/05/2013 02:59:19 am : Key press 27
07/05/2013 03:00:07 am : playing Nirmala_Premchand
07/05/2013 03:00:08 am : Key press 75
07/05/2013 03:00:09 am : Key press 27
07/05/2013 03:00:09 am : Key press 66
07/05/2013 03:00:11 am : Key press 13
07/05/2013 03:00:12 am : create bookmark for Books/Nirmala_Premchand
07/05/2013 03:00:12 am : create bookmark for Books/Nirmala_Premchand
07/05/2013 03:00:12 am : create bookmark for Books/Nirmala_Premchand
07/05/2013 03:00:36 am : Key press 9
07/05/2013 03:00:37 am : Key press 17
07/05/2013 03:00:39 am : playing Nirmala_Premchand
07/05/2013 03:00:41 am : Key press 75
07/05/2013 03:00:42 am : Key press 27
07/05/2013 03:00:43 am : Key press 66
07/05/2013 03:00:46 am : create bookmark for Books/Nirmala_Premchand
07/05/2013 03:00:46 am : create bookmark for Books/Nirmala_Premchand
07/05/2013 03:00:46 am : create bookmark for Books/Nirmala_Premchand
07/05/2013 03:01:09 am : Key press 9
07/05/2013 03:01:11 am : Key press 9
07/05/2013 03:01:13 am : Key press 66
07/05/2013 03:01:14 am : Key press 13
07/05/2013 03:01:15 am : create bookmark for Books/Nirmala_Premchand
07/05/2013 03:01:15 am : create bookmark for Books/Nirmala_Premchand
07/05/2013 03:01:15 am : create bookmark for Books/Nirmala_Premchand
07/05/2013 03:01:18 am : Key press 66
07/05/2013 03:01:21 am : create bookmark for Books/Nirmala_Premchand
07/05/2013 03:01:21 am : create bookmark for Books/Nirmala_Premchand
07/05/2013 03:01:21 am : create bookmark for Books/Nirmala_Premchand
07/05/2013 03:01:23 am : Key press 75
07/05/2013 03:01:25 am : Key press 27
07/05/2013 03:02:29 am : playing Nirmala_Premchand
07/05/2013 03:02:30 am : Key press 75
07/05/2013 03:02:32 am : Key press 27
07/05/2013 03:02:33 am : Key press 66
07/05/2013 03:02:36 am : Key press 66
07/05/2013 03:02:38 am : create bookmark for Books/Nirmala_Premchand
07/05/2013 03:02:38 am : create bookmark for Books/Nirmala_Premchand
07/05/2013 03:02:40 am : create bookmark for Books/Nirmala_Premchand
07/05/2013 03:02:43 am : Key press 9
07/05/2013 03:02:57 am : Key press 9
07/05/2013 03:03:27 am : Key press 66
07/05/2013 03:03:27 am : Key press 39
07/05/2013 03:03:28 am : Key press 8
07/05/2013 03:03:28 am : Key press 50
07/05/2013 03:03:28 am : Key press 13
07/05/2013 03:03:29 am : create bookmark for Books/Nirmala_Premchand
07/05/2013 03:03:29 am : create bookmark for Books/Nirmala_Premchand
07/05/2013 03:03:31 am : create bookmark for Books/Nirmala_Premchand
07/05/2013 03:04:42 am : Key press 66
07/05/2013 03:04:44 am : create bookmark for Books/Nirmala_Premchand
07/05/2013 03:04:46 am : create bookmark for Books/Nirmala_Premchand
07/05/2013 03:06:07 am : playing Nirmala_Premchand
07/05/2013 03:06:09 am : Key press 75
07/05/2013 03:06:09 am : Key press 27
07/05/2013 03:06:10 am : Key press 66
07/05/2013 03:06:13 am : create bookmark for Books/Nirmala_Premchand
07/05/2013 03:06:15 am : create bookmark for Books/Nirmala_Premchand
07/05/2013 03:06:15 am : Key press 75
07/05/2013 03:06:17 am : Key press 27
07/05/2013 03:06:18 am : Key press 66
07/05/2013 03:06:19 am : Key press 39
07/05/2013 03:06:19 am : Key press 8
07/05/2013 03:06:20 am : Key press 51
07/05/2013 03:06:25 am : create bookmark for Books/Nirmala_Premchand
07/05/2013 03:06:25 am : create bookmark for Books/Nirmala_Premchand
07/05/2013 03:06:25 am : create bookmark for Books/Nirmala_Premchand
07/05/2013 03:06:29 am : Key press 75
07/05/2013 03:06:30 am : Key press 27
07/05/2013 03:06:40 am : Key press 9
07/05/2013 03:07:37 am : added book Nirmala_Premchand to mybooks
07/05/2013 03:07:37 am : added book Nirmala_Premchand to mybooks
07/05/2013 03:07:37 am : added book Nirmala_Premchand to mybooks
07/05/2013 03:07:38 am : added book Nirmala_Premchand to mybooks
07/05/2013 03:07:38 am : added book Nirmala_Premchand to mybooks
07/05/2013 03:07:38 am : added book Nirmala_Premchand to mybooks
07/05/2013 03:07:39 am : added book Nirmala_Premchand to mybooks
07/05/2013 03:07:39 am : added book Nirmala_Premchand to mybooks
07/05/2013 03:07:39 am : added book Nirmala_Premchand to mybooks
07/05/2013 03:07:39 am : added book Nirmala_Premchand to mybooks
07/05/2013 03:07:39 am : added book Nirmala_Premchand to mybooks
07/05/2013 03:07:39 am : added book Nirmala_Premchand to mybooks
07/05/2013 03:07:43 am : playing Nirmala_Premchand
07/05/2013 03:07:45 am : Key press 32
07/05/2013 03:12:19 am : Key press 9
07/05/2013 03:15:27 am : playing Nirmala_Premchand
07/05/2013 03:15:31 am : added book Nirmala_Premchand to mybooks
07/05/2013 03:15:31 am : added book Nirmala_Premchand to mybooks
07/05/2013 03:15:31 am : added book Nirmala_Premchand to mybooks
07/05/2013 03:15:35 am : playing Nirmala_Premchand
07/05/2013 03:15:37 am : Key press 32
07/05/2013 03:15:44 am : added book Nirmala_Premchand to mybooks
07/05/2013 03:15:44 am : added book Nirmala_Premchand to mybooks
07/05/2013 03:15:44 am : added book Nirmala_Premchand to mybooks
07/05/2013 03:15:44 am : added book Nirmala_Premchand to mybooks
07/05/2013 03:15:45 am : added book Nirmala_Premchand to mybooks
07/05/2013 03:15:45 am : added book Nirmala_Premchand to mybooks
07/05/2013 03:15:45 am : added book Nirmala_Premchand to mybooks
07/05/2013 03:15:45 am : added book Nirmala_Premchand to mybooks
07/05/2013 03:15:45 am : added book Nirmala_Premchand to mybooks
07/05/2013 03:15:45 am : added book Nirmala_Premchand to mybooks
07/05/2013 03:15:45 am : added book Nirmala_Premchand to mybooks
07/05/2013 03:15:45 am : added book Nirmala_Premchand to mybooks
07/05/2013 03:15:45 am : added book Nirmala_Premchand to mybooks
07/05/2013 03:15:45 am : added book Nirmala_Premchand to mybooks
07/05/2013 03:15:46 am : added book Nirmala_Premchand to mybooks
07/05/2013 03:15:46 am : added book Nirmala_Premchand to mybooks
07/05/2013 03:15:46 am : added book Nirmala_Premchand to mybooks
07/05/2013 03:15:46 am : added book Nirmala_Premchand to mybooks
07/05/2013 03:15:46 am : added book Nirmala_Premchand to mybooks
07/05/2013 03:15:46 am : added book Nirmala_Premchand to mybooks
07/05/2013 03:15:46 am : added book Nirmala_Premchand to mybooks
07/05/2013 03:15:46 am : added book Nirmala_Premchand to mybooks
07/05/2013 03:15:49 am : playing Nirmala_Premchand
07/05/2013 03:15:53 am : Key press 32
07/05/2013 03:30:46 am : playing Nirmala_Premchand
07/05/2013 03:30:47 am : Key press 70
07/05/2013 03:31:00 am : Key press 9
07/05/2013 03:32:15 am : Key press 9
07/05/2013 03:32:16 am : Key press 27
07/05/2013 03:32:20 am : playing Nirmala_Premchand
07/05/2013 03:32:23 am : Key press 70
07/05/2013 03:32:26 am : gave feedback for Nirmala_Premchand
07/05/2013 03:32:26 am : gave feedback for Nirmala_Premchand
07/05/2013 03:32:26 am : gave feedback for Nirmala_Premchand
07/05/2013 03:33:02 am : playing Nirmala_Premchand
07/05/2013 03:33:04 am : Key press 70
07/05/2013 03:33:07 am : gave feedback for Nirmala_Premchand
07/05/2013 03:33:07 am : gave feedback for Nirmala_Premchand
07/05/2013 03:33:07 am : gave feedback for Nirmala_Premchand
07/05/2013 03:33:23 am : Key press 9
07/05/2013 03:34:27 am : Key press 70
07/05/2013 03:34:30 am : gave feedback for Nirmala_Premchand
07/05/2013 03:34:30 am : gave feedback for Nirmala_Premchand
07/05/2013 03:34:30 am : gave feedback for Nirmala_Premchand
07/05/2013 03:34:45 am : Key press 9
07/05/2013 03:34:47 am : playing Nirmala_Premchand
07/05/2013 03:34:48 am : Key press 70
07/05/2013 03:34:49 am : Key press 70
07/05/2013 03:34:53 am : gave feedback for Nirmala_Premchand
07/05/2013 03:34:53 am : gave feedback for Nirmala_Premchand
07/05/2013 03:34:53 am : gave feedback for Nirmala_Premchand
07/05/2013 03:35:01 am : playing Nirmala_Premchand
07/05/2013 03:35:03 am : Key press 70
07/05/2013 03:35:06 am : gave feedback for Nirmala_Premchand
07/05/2013 03:35:06 am : gave feedback for Nirmala_Premchand
07/05/2013 03:35:06 am : gave feedback for Nirmala_Premchand
07/05/2013 03:35:19 am : Key press 9
07/05/2013 03:35:20 am : playing Nirmala_Premchand
07/05/2013 03:35:22 am : Key press 70
07/05/2013 03:35:24 am : gave feedback for Nirmala_Premchand
07/05/2013 03:35:24 am : gave feedback for Nirmala_Premchand
07/05/2013 03:35:26 am : gave feedback for Nirmala_Premchand
07/05/2013 03:36:55 am : Key press 70
07/05/2013 03:36:58 am : gave feedback for Nirmala_Premchand
07/05/2013 03:36:58 am : gave feedback for Nirmala_Premchand
07/05/2013 03:37:08 am : gave feedback for Nirmala_Premchand
07/05/2013 03:37:29 am : Key press 9
07/05/2013 03:37:30 am : Key press 70
07/05/2013 03:37:34 am : gave feedback for Nirmala_Premchand
07/05/2013 03:37:34 am : gave feedback for Nirmala_Premchand
07/05/2013 03:37:45 am : gave feedback for Nirmala_Premchand
07/05/2013 03:37:56 am : Key press 9
07/05/2013 03:37:57 am : Key press 70
07/05/2013 03:37:59 am : gave feedback for Nirmala_Premchand
07/05/2013 03:37:59 am : gave feedback for Nirmala_Premchand
07/05/2013 03:38:02 am : gave feedback for Nirmala_Premchand
07/05/2013 03:38:26 am : Key press 70
07/05/2013 03:38:28 am : gave feedback for Nirmala_Premchand
07/05/2013 03:38:29 am : gave feedback for Nirmala_Premchand
07/05/2013 03:38:55 am : gave feedback for Nirmala_Premchand
07/05/2013 03:38:56 am : Key press 70
07/05/2013 03:38:58 am : gave feedback for Nirmala_Premchand
07/05/2013 03:38:58 am : gave feedback for Nirmala_Premchand
07/05/2013 03:39:01 am : gave feedback for Nirmala_Premchand
07/05/2013 03:39:29 am : playing Nirmala_Premchand
07/05/2013 03:39:31 am : Key press 70
07/05/2013 03:39:33 am : Key press 49
07/05/2013 03:39:36 am : gave feedback for Nirmala_Premchand
07/05/2013 03:39:36 am : gave feedback for Nirmala_Premchand
07/05/2013 03:39:36 am : gave feedback for Nirmala_Premchand
07/05/2013 03:39:38 am : Key press 70
07/05/2013 03:39:39 am : Key press 57
07/05/2013 03:39:42 am : gave feedback for Nirmala_Premchand
07/05/2013 03:39:42 am : gave feedback for Nirmala_Premchand
07/05/2013 03:39:42 am : gave feedback for Nirmala_Premchand
07/05/2013 03:40:12 am : Key press 9
07/05/2013 03:40:15 am : Key press 9
07/05/2013 03:40:56 am : Key press 9
07/05/2013 03:41:00 am : playing Nirmala_Premchand
07/05/2013 03:41:01 am : Key press 70
07/05/2013 03:41:03 am : Key press 51
07/05/2013 03:41:03 am : Key press 52
07/05/2013 03:41:04 am : Key press 54
07/05/2013 03:41:04 am : Key press 50
07/05/2013 03:41:04 am : Key press 51
07/05/2013 03:41:04 am : Key press 52
07/05/2013 03:41:06 am : gave feedback for Nirmala_Premchand
07/05/2013 03:41:06 am : gave feedback for Nirmala_Premchand
07/05/2013 03:41:06 am : gave feedback for Nirmala_Premchand
07/05/2013 05:32:59 am : Key press 70
07/05/2013 05:33:02 am : playing Nirmala_Premchand
07/05/2013 05:33:03 am : Key press 70
07/05/2013 05:33:06 am : Key press 65
07/05/2013 05:33:07 am : Key press 8
07/05/2013 05:33:08 am : Key press 86
07/05/2013 05:33:08 am : Key press 8
07/05/2013 05:33:09 am : Key press 66
07/05/2013 05:33:09 am : Key press 66
07/05/2013 05:33:09 am : Key press 8
07/05/2013 05:33:09 am : Key press 8
07/05/2013 05:33:38 am : Key press 9
07/05/2013 05:33:40 am : playing Nirmala_Premchand
07/05/2013 05:33:41 am : Key press 70
07/05/2013 05:33:42 am : Key press 65
07/05/2013 05:33:43 am : Key press 65
07/05/2013 05:33:44 am : Key press 83
07/05/2013 05:33:45 am : Key press 49
07/05/2013 05:33:45 am : Key press 50
07/05/2013 05:33:46 am : Key press 50
07/05/2013 05:33:46 am : Key press 51
07/05/2013 05:33:47 am : Key press 52
07/05/2013 05:33:47 am : Key press 53
07/05/2013 05:33:48 am : Key press 54
07/05/2013 05:33:51 am : Key press 27
07/05/2013 05:34:26 am : Key press 9
07/05/2013 05:35:37 am : Key press 87
07/05/2013 05:35:37 am : Key press 17
07/05/2013 05:39:02 am : playing Nirmala_Premchand
07/05/2013 05:39:03 am : Key press 70
07/05/2013 05:39:05 am : Key press 70
07/05/2013 05:39:09 am : Key press 49
07/05/2013 05:39:09 am : Key press 49
07/05/2013 05:39:09 am : Key press 49
07/05/2013 05:39:09 am : Key press 49
07/05/2013 05:39:10 am : Key press 49
07/05/2013 05:39:11 am : Key press 49
07/05/2013 05:39:11 am : Key press 49
07/05/2013 05:39:11 am : Key press 49
07/05/2013 05:39:14 am : gave feedback for Nirmala_Premchand
07/05/2013 05:39:15 am : gave feedback for Nirmala_Premchand
07/05/2013 05:39:28 am : Key press 9
07/05/2013 05:40:18 am : Key press 70
07/05/2013 05:40:20 am : gave feedback for Nirmala_Premchand
07/05/2013 05:40:22 am : gave feedback for Nirmala_Premchand
07/05/2013 05:41:19 am : playing Nirmala_Premchand
07/05/2013 05:41:20 am : Key press 70
07/05/2013 05:41:23 am : gave feedback for Nirmala_Premchand
07/05/2013 05:41:24 am : gave feedback for Nirmala_Premchand
07/05/2013 05:41:53 am : Key press 70
07/05/2013 05:41:55 am : gave feedback for Nirmala_Premchand
07/05/2013 05:41:55 am : gave feedback for Nirmala_Premchand
07/05/2013 05:41:57 am : gave feedback for Nirmala_Premchand
07/05/2013 05:43:01 am : Key press 9
07/05/2013 05:43:03 am : Key press 70
07/05/2013 05:43:06 am : gave feedback for Nirmala_Premchand
07/05/2013 05:43:06 am : gave feedback for Nirmala_Premchand
07/05/2013 05:43:06 am : gave feedback for Nirmala_Premchand
07/05/2013 05:43:32 am : Key press 9
07/05/2013 05:43:40 am : Key press 87
07/05/2013 05:43:41 am : Key press 17
07/05/2013 05:47:57 am : playing GurajadaRachanaluKathanikalu
07/05/2013 05:47:59 am : Key press 66
07/05/2013 05:48:01 am : Key press 70
07/05/2013 05:48:01 am : Key press 73
07/05/2013 05:48:01 am : Key press 82
07/05/2013 05:48:01 am : Key press 83
07/05/2013 05:48:01 am : Key press 84
07/05/2013 05:48:04 am : create bookmark for Books/GurajadaRachanaluKathanikalu
07/05/2013 05:48:04 am : create bookmark for Books/GurajadaRachanaluKathanikalu
07/05/2013 05:48:04 am : create bookmark for Books/GurajadaRachanaluKathanikalu
07/05/2013 05:48:06 am : Key press 32
07/05/2013 05:48:09 am : Key press 66
07/05/2013 05:48:10 am : Key press 16
07/05/2013 05:48:10 am : Key press 36
07/05/2013 05:48:10 am : Key press 8
07/05/2013 05:48:11 am : Key press 83
07/05/2013 05:48:11 am : Key press 69
07/05/2013 05:48:11 am : Key press 67
07/05/2013 05:48:11 am : Key press 79
07/05/2013 05:48:11 am : Key press 78
07/05/2013 05:48:11 am : Key press 68
07/05/2013 05:48:13 am : create bookmark for Books/GurajadaRachanaluKathanikalu
07/05/2013 05:48:13 am : create bookmark for Books/GurajadaRachanaluKathanikalu
07/05/2013 05:48:14 am : create bookmark for Books/GurajadaRachanaluKathanikalu
07/05/2013 02:01:16 pm : Key press 9
07/05/2013 02:01:25 pm : playing Nirmala_Premchand
07/05/2013 02:01:28 pm : Key press 32
07/05/2013 02:01:30 pm : Key press 39
07/05/2013 02:01:30 pm : using sentence navigation with direction = 1
07/05/2013 02:01:31 pm : using sentence navigation with direction = 1
07/05/2013 02:01:31 pm : Key press 39
07/05/2013 02:01:32 pm : Key press 39
07/05/2013 02:01:32 pm : using sentence navigation with direction = 1
07/05/2013 02:01:35 pm : using sentence navigation with direction = 1
07/05/2013 02:01:35 pm : Key press 39
07/05/2013 02:01:36 pm : using sentence navigation with direction = 1
07/05/2013 02:01:36 pm : Key press 39
07/05/2013 02:01:37 pm : using sentence navigation with direction = 1
07/05/2013 02:01:37 pm : Key press 39
07/05/2013 02:01:37 pm : using sentence navigation with direction = 1
07/05/2013 02:01:37 pm : Key press 39
07/05/2013 02:01:38 pm : using sentence navigation with direction = 1
07/05/2013 02:01:38 pm : Key press 39
07/05/2013 02:01:38 pm : Key press 18
07/05/2013 02:01:39 pm : Key press 32
07/05/2013 02:01:48 pm : Key press 37
07/05/2013 02:01:48 pm : using sentence navigation with direction = -1
07/05/2013 02:01:48 pm : Key press 18
07/05/2013 02:02:28 pm : Key press 18
07/05/2013 02:02:43 pm : Key press 9
07/05/2013 02:02:49 pm : Key press 9
07/05/2013 02:02:49 pm : Key press 66
07/05/2013 02:02:51 pm : Key press 66
07/05/2013 02:02:52 pm : Key press 70
07/05/2013 02:02:53 pm : Key press 70
07/05/2013 02:02:54 pm : Key press 70
07/05/2013 02:02:54 pm : Key press 70
07/05/2013 02:02:54 pm : Key press 18
07/05/2013 02:03:00 pm : Key press 181
07/05/2013 02:03:01 pm : playing Nirmala_Premchand
07/05/2013 02:03:06 pm : Key press 66
07/05/2013 02:03:08 pm : Key press 70
07/05/2013 02:03:09 pm : Key press 27
07/05/2013 02:03:10 pm : Key press 70
07/05/2013 02:03:12 pm : Key press 27
07/05/2013 02:03:13 pm : Key press 75
07/05/2013 02:03:38 pm : playing Nirmala_Premchand
07/05/2013 02:03:41 pm : Key press 75
07/05/2013 02:03:45 pm : Key press 75
07/05/2013 02:03:47 pm : Key press 32
07/05/2013 02:03:55 pm : Key press 67
07/05/2013 02:04:56 pm : Key press 9
07/05/2013 02:04:57 pm : playing Nirmala_Premchand
07/05/2013 02:04:59 pm : Key press 32
07/05/2013 02:05:10 pm : Key press 9
07/05/2013 02:06:08 pm : Key press 9
07/05/2013 02:06:11 pm : playing Nirmala_Premchand
07/05/2013 02:06:13 pm : Key press 32
07/05/2013 02:06:25 pm : Key press 9
07/05/2013 02:06:28 pm : playing Nirmala_Premchand
07/05/2013 02:06:29 pm : Key press 32
07/05/2013 02:06:41 pm : playing Nirmala_Premchand
07/05/2013 02:06:52 pm : Key press 9
07/05/2013 02:08:58 pm : Key press 9
07/05/2013 02:58:57 pm : Key press 9
07/05/2013 03:01:32 pm : Key press 9
07/05/2013 03:01:46 pm : Key press 9
07/05/2013 03:01:54 pm : Key press 9
07/05/2013 03:02:17 pm : Key press 9
07/05/2013 03:03:15 pm : Key press 9
07/05/2013 03:04:05 pm : Key press 9
07/05/2013 03:04:11 pm : Key press 9
07/05/2013 03:04:23 pm : Key press 9
07/05/2013 03:04:30 pm : Key press 9
07/05/2013 03:04:58 pm : Key press 9
07/05/2013 03:05:23 pm : Key press 9
07/05/2013 03:05:32 pm : Key press 9
07/05/2013 03:06:34 pm : Key press 9
07/05/2013 03:07:38 pm : Key press 9
07/05/2013 03:07:48 pm : Key press 9
07/05/2013 03:07:56 pm : Key press 9
07/05/2013 03:08:40 pm : Key press 9
07/05/2013 03:08:56 pm : Key press 9
07/05/2013 03:09:30 pm : Key press 9
07/05/2013 03:09:35 pm : Key press 9
07/05/2013 03:09:46 pm : Key press 9
07/05/2013 03:09:52 pm : playing Prnayathinte_thirichadi
07/05/2013 03:09:55 pm : Key press 173
07/05/2013 03:09:59 pm : Key press 175
07/05/2013 03:10:01 pm : Key press 174
07/05/2013 03:10:02 pm : Key press 39
07/05/2013 03:10:02 pm : using sentence navigation with direction = 1
07/05/2013 03:10:04 pm : Key press 39
07/05/2013 03:10:04 pm : using sentence navigation with direction = 1
07/05/2013 03:10:05 pm : Key press 39
07/05/2013 03:10:05 pm : using sentence navigation with direction = 1
07/05/2013 03:10:06 pm : Key press 39
07/05/2013 03:10:06 pm : using sentence navigation with direction = 1
07/05/2013 03:10:07 pm : using sentence navigation with direction = 1
07/05/2013 03:10:07 pm : Key press 39
07/05/2013 03:10:08 pm : Key press 39
07/05/2013 03:10:08 pm : using 0 navigation with direction = 1
07/05/2013 03:10:08 pm : Key press 17
07/05/2013 03:10:09 pm : Key press 39
07/05/2013 03:10:09 pm : using 0 navigation with direction = 1
07/05/2013 03:10:09 pm : Key press 17
07/05/2013 03:10:10 pm : Key press 32
07/05/2013 03:12:13 pm : Key press 9
07/05/2013 03:12:34 pm : Key press 9
07/05/2013 03:12:35 pm : playing Prnayathinte_thirichadi
07/05/2013 03:12:44 pm : Key press 9
07/05/2013 03:12:45 pm : Key press 32
07/05/2013 03:13:19 pm : Key press 9
07/05/2013 03:13:21 pm : playing Prnayathinte_thirichadi
07/05/2013 03:13:30 pm : Key press 9
07/05/2013 03:13:30 pm : Key press 32
07/05/2013 03:13:31 pm : Key press 173
07/05/2013 03:14:09 pm : Key press 9
07/05/2013 03:14:11 pm : playing Prnayathinte_thirichadi
07/05/2013 03:14:24 pm : Key press 9
07/05/2013 03:14:26 pm : playing Prnayathinte_thirichadi
07/05/2013 03:14:37 pm : Key press 9
07/05/2013 03:14:39 pm : playing Prnayathinte_thirichadi
07/05/2013 03:14:56 pm : Key press 9
07/05/2013 03:14:59 pm : Key press 9
07/05/2013 03:15:56 pm : Key press 17
07/05/2013 03:15:56 pm : Key press 16
07/05/2013 03:15:56 pm : Key press 9
07/05/2013 03:18:09 pm : Key press 9
07/05/2013 03:18:16 pm : Key press 9
07/05/2013 03:19:15 pm : Key press 9
07/05/2013 03:19:25 pm : Key press 9
07/05/2013 03:19:27 pm : playing Prnayathinte_thirichadi
07/05/2013 03:19:37 pm : Key press 9
07/05/2013 03:20:05 pm : playing Prnayathinte_thirichadi
07/05/2013 03:27:08 pm : playing Prnayathinte_thirichadi
07/05/2013 03:27:41 pm : Key press 9
07/05/2013 03:27:43 pm : playing Prnayathinte_thirichadi
07/05/2013 03:27:55 pm : Key press 9
07/05/2013 03:28:01 pm : Key press 9
07/05/2013 03:28:03 pm : Key press 9
07/05/2013 03:28:24 pm : Key press 9
07/05/2013 03:28:25 pm : playing Prnayathinte_thirichadi
07/05/2013 03:28:46 pm : Key press 9
07/05/2013 03:28:48 pm : playing Prnayathinte_thirichadi
07/05/2013 03:28:50 pm : playing Prnayathinte_thirichadi
07/05/2013 03:29:09 pm : Key press 9
07/05/2013 03:29:11 pm : playing Prnayathinte_thirichadi
07/05/2013 03:29:13 pm : playing Prnayathinte_thirichadi
07/05/2013 03:29:19 pm : Key press 9
07/05/2013 03:29:20 pm : playing Prnayathinte_thirichadi
07/05/2013 03:29:37 pm : Key press 9
07/05/2013 03:29:39 pm : playing Prnayathinte_thirichadi
07/05/2013 03:29:59 pm : Key press 9
07/05/2013 03:30:48 pm : playing Prnayathinte_thirichadi
07/05/2013 03:30:55 pm : playing Prnayathinte_thirichadi
07/05/2013 03:31:46 pm : Key press 9
07/05/2013 03:31:47 pm : playing Prnayathinte_thirichadi
07/05/2013 03:31:50 pm : playing Prnayathinte_thirichadi
07/05/2013 03:32:00 pm : Key press 40
07/05/2013 03:32:00 pm : using 1 navigation with direction = 1
07/05/2013 03:32:00 pm : Key press 40
07/05/2013 03:32:00 pm : using 1 navigation with direction = 1
07/05/2013 03:32:01 pm : Key press 9
07/05/2013 03:32:02 pm : Key press 9
07/05/2013 03:32:03 pm : Key press 65
07/05/2013 03:32:03 pm : Key press 9
07/05/2013 03:32:04 pm : Key press 40
07/05/2013 03:32:04 pm : using 1 navigation with direction = 1
07/05/2013 03:32:04 pm : Key press 40
07/05/2013 03:32:04 pm : using 1 navigation with direction = 1
07/05/2013 03:32:06 pm : Key press 9
07/05/2013 03:32:06 pm : Key press 65
07/05/2013 03:32:08 pm : Key press 65
07/05/2013 03:32:08 pm : Key press 40
07/05/2013 03:32:08 pm : using 1 navigation with direction = 1
07/05/2013 03:32:09 pm : Key press 65
07/05/2013 03:32:38 pm : Key press 9
07/05/2013 03:32:39 pm : Key press 65
07/05/2013 03:32:39 pm : Key press 40
07/05/2013 03:32:39 pm : using 1 navigation with direction = 1
07/05/2013 03:32:40 pm : Key press 9
07/05/2013 03:32:41 pm : Key press 9
07/05/2013 03:32:42 pm : Key press 9
07/05/2013 03:32:43 pm : Key press 40
07/05/2013 03:32:43 pm : using 1 navigation with direction = 1
07/05/2013 03:32:43 pm : Key press 40
07/05/2013 03:32:43 pm : using 1 navigation with direction = 1
07/05/2013 03:32:44 pm : Key press 9
07/05/2013 03:32:45 pm : Key press 9
07/05/2013 03:32:45 pm : Key press 9
07/05/2013 03:32:46 pm : Key press 9
07/05/2013 03:32:46 pm : Key press 9
07/05/2013 03:33:15 pm : Key press 9
07/05/2013 03:33:49 pm : Key press 173
07/05/2013 03:33:50 pm : Key press 32
07/05/2013 03:33:51 pm : Key press 173
07/05/2013 03:33:52 pm : Key press 173
07/05/2013 03:33:52 pm : Key press 32
07/05/2013 03:34:16 pm : Key press 66
07/05/2013 03:34:20 pm : create bookmark for Books/Prnayathinte_thirichadi
07/05/2013 03:34:20 pm : create bookmark for Books/Prnayathinte_thirichadi
07/05/2013 03:34:20 pm : create bookmark for Books/Prnayathinte_thirichadi
07/05/2013 03:34:47 pm : Key press 66
07/05/2013 03:34:48 pm : Key press 16
07/05/2013 03:34:48 pm : Key press 36
07/05/2013 03:34:48 pm : Key press 8
07/05/2013 03:34:48 pm : Key press 84
07/05/2013 03:34:48 pm : Key press 69
07/05/2013 03:34:49 pm : Key press 83
07/05/2013 03:34:49 pm : Key press 84
07/05/2013 03:34:52 pm : create bookmark for Books/Prnayathinte_thirichadi
07/05/2013 03:34:52 pm : create bookmark for Books/Prnayathinte_thirichadi
07/05/2013 03:34:52 pm : create bookmark for Books/Prnayathinte_thirichadi
07/05/2013 03:35:54 pm : Key press 9
07/05/2013 03:35:56 pm : playing Prnayathinte_thirichadi
07/05/2013 03:37:02 pm : Key press 9
07/05/2013 03:37:16 pm : Key press 9
07/05/2013 03:37:36 pm : Key press 9
07/05/2013 03:37:48 pm : Key press 9
07/05/2013 03:38:10 pm : Key press 75
07/05/2013 03:38:14 pm : playing Prnayathinte_thirichadi
07/05/2013 03:38:15 pm : Key press 75
07/05/2013 03:38:20 pm : Key press 32
07/05/2013 03:39:32 pm : Key press 9
07/05/2013 03:39:36 pm : playing Prnayathinte_thirichadi
07/05/2013 03:39:45 pm : Key press 32
07/05/2013 03:41:34 pm : Key press 9
07/05/2013 03:42:55 pm : playing Prnayathinte_thirichadi
07/05/2013 03:42:55 pm : Key press 173
07/05/2013 03:42:55 pm : Key press 189
07/05/2013 03:42:56 pm : Key press 173
07/05/2013 03:42:58 pm : Key press 175
07/05/2013 03:42:59 pm : Key press 175
07/05/2013 03:43:01 pm : Key press 39
07/05/2013 03:43:01 pm : using sentence navigation with direction = 1
07/05/2013 03:43:03 pm : Key press 32
07/05/2013 03:45:44 pm : Key press 9
07/05/2013 03:56:40 pm : Key press 9
07/05/2013 03:58:19 pm : Key press 9
07/05/2013 03:58:58 pm : Key press 9
07/05/2013 03:59:24 pm : Key press 9
07/05/2013 03:59:52 pm : Key press 9
07/05/2013 04:00:05 pm : Key press 9
07/05/2013 04:00:12 pm : Key press 9
07/05/2013 04:00:15 pm : Key press 9
07/05/2013 04:00:22 pm : Key press 9
07/05/2013 04:00:24 pm : Key press 187
07/05/2013 04:00:24 pm : Key press 187
07/05/2013 04:00:24 pm : Key press 187
07/05/2013 04:00:25 pm : Key press 187
07/05/2013 04:00:25 pm : Key press 187
07/05/2013 04:00:25 pm : Key press 187
07/05/2013 04:00:26 pm : Key press 187
07/05/2013 04:00:26 pm : Key press 187
07/05/2013 04:00:27 pm : Key press 187
07/05/2013 04:00:27 pm : Key press 187
07/05/2013 04:00:28 pm : Key press 48
07/05/2013 04:00:29 pm : Key press 187
07/05/2013 04:00:29 pm : Key press 187
07/05/2013 04:00:30 pm : Key press 187
07/05/2013 04:00:31 pm : Key press 187
07/05/2013 04:00:33 pm : Key press 187
07/05/2013 04:00:34 pm : Key press 187
07/05/2013 04:00:34 pm : Key press 187
07/05/2013 04:00:35 pm : Key press 187
07/05/2013 04:00:36 pm : Key press 48
07/05/2013 04:00:38 pm : Key press 187
07/05/2013 04:00:39 pm : Key press 187
07/05/2013 04:00:40 pm : Key press 187
07/05/2013 04:00:42 pm : Key press 48
07/05/2013 04:00:43 pm : Key press 17
07/05/2013 04:01:14 pm : Key press 9
07/05/2013 04:02:33 pm : Key press 9
07/05/2013 04:02:38 pm : Key press 9
07/05/2013 04:03:00 pm : Key press 9
07/05/2013 04:03:10 pm : Key press 9
07/05/2013 04:03:19 pm : Key press 9
07/05/2013 04:03:21 pm : Key press 9
07/05/2013 04:03:25 pm : Key press 9
07/05/2013 04:03:44 pm : Key press 9
07/05/2013 04:03:48 pm : Key press 9
07/05/2013 04:04:02 pm : Key press 9
07/05/2013 04:04:46 pm : Key press 9
07/05/2013 04:05:16 pm : Key press 9
07/05/2013 04:05:22 pm : Key press 9
07/05/2013 04:05:22 pm : Key press 18
07/05/2013 04:05:40 pm : Key press 9
07/05/2013 04:05:57 pm : Key press 9
07/05/2013 04:06:10 pm : Key press 9
07/05/2013 04:06:42 pm : Key press 9
07/05/2013 04:06:52 pm : Key press 9
07/05/2013 04:07:00 pm : Key press 9
07/05/2013 04:07:34 pm : Key press 9
07/05/2013 04:07:44 pm : Key press 9
07/05/2013 04:08:08 pm : Key press 9
07/05/2013 04:08:48 pm : Key press 9
07/05/2013 04:09:18 pm : Key press 9
07/05/2013 04:09:36 pm : Key press 9
07/05/2013 04:10:13 pm : Key press 9
07/05/2013 04:10:25 pm : Key press 9
07/05/2013 04:11:00 pm : Key press 9
07/05/2013 04:11:08 pm : Key press 9
07/05/2013 04:11:37 pm : Key press 9
07/05/2013 04:11:56 pm : Key press 9
07/05/2013 04:12:15 pm : Key press 9
07/05/2013 04:12:31 pm : Key press 9
07/05/2013 04:12:37 pm : Key press 9
07/05/2013 04:12:45 pm : Key press 9
07/05/2013 04:14:30 pm : Key press 9
07/05/2013 04:15:55 pm : Key press 9
07/05/2013 04:16:07 pm : Key press 9
07/05/2013 04:16:15 pm : Key press 9
07/05/2013 04:16:23 pm : Key press 9
07/05/2013 04:16:34 pm : Key press 9
07/05/2013 04:16:44 pm : Key press 9
07/05/2013 04:16:46 pm : Key press 9
07/05/2013 04:16:49 pm : Key press 9
07/05/2013 04:17:13 pm : Key press 9
07/05/2013 04:17:22 pm : Key press 9
07/05/2013 04:23:29 pm : Key press 187
07/05/2013 04:23:29 pm : Key press 187
07/05/2013 04:23:30 pm : Key press 187
07/05/2013 04:23:31 pm : Key press 48
07/05/2013 04:23:31 pm : Key press 17
07/05/2013 04:23:33 pm : Key press 9
07/05/2013 04:23:44 pm : Key press 67
07/05/2013 04:23:50 pm : Key press 9
07/05/2013 04:24:09 pm : Key press 9
07/05/2013 04:24:50 pm : Key press 9
07/05/2013 04:25:10 pm : Key press 9
07/05/2013 04:25:31 pm : Key press 9
07/05/2013 04:31:17 pm : Key press 187
07/05/2013 04:31:17 pm : Key press 187
07/05/2013 04:31:18 pm : Key press 187
07/05/2013 04:31:18 pm : Key press 187
07/05/2013 04:31:19 pm : Key press 187
07/05/2013 04:31:20 pm : Key press 187
07/05/2013 04:31:20 pm : Key press 187
07/05/2013 04:31:21 pm : Key press 187
07/05/2013 04:31:21 pm : Key press 48
07/05/2013 04:31:22 pm : Key press 17
07/05/2013 04:31:30 pm : Key press 9
07/05/2013 04:31:34 pm : Key press 187
07/05/2013 04:31:34 pm : Key press 187
07/05/2013 04:31:35 pm : Key press 187
07/05/2013 04:31:36 pm : Key press 187
07/05/2013 04:31:37 pm : Key press 48
07/05/2013 04:31:37 pm : Key press 17
07/05/2013 04:32:54 pm : Key press 187
07/05/2013 04:32:54 pm : Key press 187
07/05/2013 04:32:55 pm : Key press 187
07/05/2013 04:32:56 pm : Key press 187
07/05/2013 04:32:57 pm : Key press 187
07/05/2013 04:32:57 pm : Key press 187
07/05/2013 04:32:58 pm : Key press 187
07/05/2013 04:32:59 pm : Key press 48
07/05/2013 04:32:59 pm : Key press 17
07/05/2013 04:33:02 pm : Key press 187
07/05/2013 04:33:02 pm : Key press 17
07/05/2013 04:33:03 pm : Key press 187
07/05/2013 04:33:03 pm : Key press 17
07/05/2013 04:33:04 pm : Key press 48
07/05/2013 04:33:04 pm : Key press 17
07/05/2013 04:33:08 pm : Key press 187
07/05/2013 04:33:08 pm : Key press 17
07/05/2013 04:33:09 pm : Key press 187
07/05/2013 04:33:09 pm : Key press 17
07/05/2013 04:33:10 pm : Key press 48
07/05/2013 04:33:10 pm : Key press 17
07/05/2013 04:33:39 pm : Key press 9
07/05/2013 04:33:51 pm : playing Prnayathinte_thirichadi
07/05/2013 04:33:53 pm : Key press 175
07/05/2013 04:33:59 pm : Key press 39
07/05/2013 04:33:59 pm : using sentence navigation with direction = 1
07/05/2013 04:34:01 pm : using sentence navigation with direction = 1
07/05/2013 04:34:01 pm : Key press 39
07/05/2013 04:34:02 pm : Key press 39
07/05/2013 04:34:02 pm : using sentence navigation with direction = 1
07/05/2013 04:34:03 pm : Key press 39
07/05/2013 04:34:03 pm : using 0 navigation with direction = 1
07/05/2013 04:34:03 pm : Key press 17
07/05/2013 04:34:04 pm : Key press 17
07/05/2013 04:34:04 pm : Key press 39
07/05/2013 04:34:04 pm : using sentence navigation with direction = 1
07/05/2013 04:34:05 pm : Key press 32
07/05/2013 04:34:07 pm : Key press 9
07/05/2013 04:34:12 pm : Key press 9
07/05/2013 04:34:15 pm : Key press 9
07/05/2013 04:34:48 pm : Key press 9
07/05/2013 04:34:52 pm : Key press 187
07/05/2013 04:34:52 pm : Key press 187
07/05/2013 04:34:53 pm : Key press 187
07/05/2013 04:34:53 pm : Key press 187
07/05/2013 04:34:54 pm : Key press 48
07/05/2013 04:34:54 pm : Key press 17
07/05/2013 04:35:16 pm : Key press 67
07/05/2013 04:35:28 pm : Key press 9
07/05/2013 04:35:36 pm : playing Prnayathinte_thirichadi
07/05/2013 04:35:39 pm : Key press 66
07/05/2013 04:35:42 pm : Key press 27
07/05/2013 04:35:50 pm : Key press 173
07/05/2013 04:35:51 pm : Key press 173
07/05/2013 04:35:52 pm : Key press 39
07/05/2013 04:35:52 pm : using sentence navigation with direction = 1
07/05/2013 04:35:53 pm : Key press 32
07/05/2013 04:36:01 pm : playing abc
07/05/2013 04:36:03 pm : Key press 39
07/05/2013 04:36:03 pm : using sentence navigation with direction = 1
07/05/2013 04:36:04 pm : Key press 39
07/05/2013 04:36:04 pm : using sentence navigation with direction = 1
07/05/2013 04:36:05 pm : Key press 39
07/05/2013 04:36:05 pm : using sentence navigation with direction = 1
07/05/2013 04:36:06 pm : Key press 39
07/05/2013 04:36:06 pm : using sentence navigation with direction = 1
07/05/2013 04:36:06 pm : Key press 18
07/05/2013 04:36:08 pm : Key press 39
07/05/2013 04:36:08 pm : using 0 navigation with direction = 1
07/05/2013 04:36:08 pm : Key press 17
07/05/2013 04:36:09 pm : Key press 38
07/05/2013 04:36:09 pm : using 2 navigation with direction = -1
07/05/2013 04:36:09 pm : Key press 17
07/05/2013 04:36:10 pm : Key press 40
07/05/2013 04:36:10 pm : using 2 navigation with direction = 1
07/05/2013 04:36:10 pm : Key press 17
07/05/2013 04:36:12 pm : Key press 40
07/05/2013 04:36:12 pm : using 2 navigation with direction = 1
07/05/2013 04:36:12 pm : Key press 17
07/05/2013 04:36:13 pm : Key press 38
07/05/2013 04:36:13 pm : using 2 navigation with direction = -1
07/05/2013 04:36:13 pm : Key press 17
07/05/2013 04:36:14 pm : Key press 32
07/05/2013 04:43:20 pm : Key press 13
07/05/2013 04:43:35 pm : Key press 13
07/05/2013 04:43:55 pm : Key press 13
07/05/2013 04:43:57 pm : Key press 13
07/05/2013 04:43:58 pm : Key press 13
07/05/2013 04:43:59 pm : Key press 13
07/05/2013 04:43:59 pm : Key press 13
07/05/2013 04:44:00 pm : Key press 13
07/05/2013 04:45:27 pm : Key press 13
07/05/2013 04:45:48 pm : Key press 13
07/05/2013 04:46:02 pm : Key press 13
07/05/2013 04:46:09 pm : Key press 9
07/05/2013 04:46:09 pm : Key press 13
07/05/2013 04:46:54 pm : Key press 9
07/05/2013 04:47:03 pm : Key press 187
07/05/2013 04:47:03 pm : Key press 187
07/05/2013 04:47:04 pm : Key press 187
07/05/2013 04:47:04 pm : Key press 187
07/05/2013 04:47:05 pm : Key press 187
07/05/2013 04:47:05 pm : Key press 187
07/05/2013 04:47:05 pm : Key press 187
07/05/2013 04:47:06 pm : Key press 187
07/05/2013 04:47:07 pm : Key press 48
07/05/2013 04:47:07 pm : Key press 17
07/05/2013 04:47:10 pm : Key press 187
07/05/2013 04:47:10 pm : Key press 187
07/05/2013 04:47:10 pm : Key press 187
07/05/2013 04:47:11 pm : Key press 48
07/05/2013 04:47:11 pm : Key press 17
07/05/2013 04:47:13 pm : Key press 187
07/05/2013 04:47:13 pm : Key press 187
07/05/2013 04:47:14 pm : Key press 187
07/05/2013 04:47:14 pm : Key press 187
07/05/2013 04:47:14 pm : Key press 187
07/05/2013 04:47:15 pm : Key press 48
07/05/2013 04:47:15 pm : Key press 17
07/05/2013 04:47:41 pm : Key press 13
07/05/2013 04:47:43 pm : Key press 13
07/05/2013 04:47:44 pm : Key press 13
07/05/2013 04:47:44 pm : Key press 13
07/05/2013 04:47:45 pm : Key press 13
07/05/2013 04:47:45 pm : Key press 13
07/05/2013 04:47:46 pm : Key press 13
07/05/2013 04:47:57 pm : Key press 13
07/05/2013 04:47:58 pm : Key press 13
07/05/2013 04:47:58 pm : Key press 13
07/05/2013 04:47:59 pm : Key press 13
07/05/2013 04:47:59 pm : Key press 13
07/05/2013 04:48:01 pm : Key press 13
07/05/2013 04:48:02 pm : Key press 87
07/05/2013 04:48:02 pm : Key press 17
07/05/2013 04:48:42 pm : Key press 13
07/05/2013 04:48:49 pm : Key press 13
07/05/2013 04:48:55 pm : Key press 13
07/05/2013 04:48:57 pm : Key press 187
07/05/2013 04:48:57 pm : Key press 187
07/05/2013 04:48:57 pm : Key press 187
07/05/2013 04:48:58 pm : Key press 187
07/05/2013 04:48:59 pm : Key press 48
07/05/2013 04:48:59 pm : Key press 17
07/05/2013 04:49:10 pm : Key press 18
07/05/2013 04:49:15 pm : Key press 13
07/05/2013 04:49:17 pm : Key press 13
07/05/2013 04:49:17 pm : Key press 13
07/05/2013 04:49:18 pm : Key press 13
07/05/2013 04:49:45 pm : Key press 13
07/05/2013 04:49:46 pm : Key press 13
07/05/2013 04:49:47 pm : Key press 13
07/05/2013 04:49:47 pm : Key press 13
07/05/2013 04:50:12 pm : Key press 13
07/05/2013 04:50:13 pm : Key press 13
07/05/2013 04:50:13 pm : Key press 13
07/05/2013 04:50:14 pm : Key press 13
07/05/2013 04:50:14 pm : Key press 13
07/05/2013 04:50:27 pm : Key press 13
07/05/2013 04:50:30 pm : Key press 187
07/05/2013 04:50:30 pm : Key press 187
07/05/2013 04:50:30 pm : Key press 187
07/05/2013 04:50:31 pm : Key press 187
07/05/2013 04:50:32 pm : Key press 48
07/05/2013 04:50:32 pm : Key press 17
07/05/2013 04:50:49 pm : Key press 13
07/05/2013 04:51:01 pm : Key press 9
07/05/2013 04:51:01 pm : Key press 13
07/05/2013 04:55:29 pm : Key press 13
07/05/2013 04:55:31 pm : Key press 81
07/05/2013 04:55:32 pm : Key press 81
07/05/2013 04:55:33 pm : Key press 13
07/05/2013 04:55:34 pm : Key press 81
07/05/2013 04:55:34 pm : Key press 81
07/05/2013 04:55:34 pm : Key press 81
07/05/2013 04:55:34 pm : Key press 81
07/05/2013 04:55:35 pm : Key press 81
07/05/2013 04:55:47 pm : Key press 81
07/05/2013 04:56:24 pm : Key press 13
07/05/2013 04:58:33 pm : playing Prnayathinte_thirichadi
07/05/2013 05:02:15 pm : playing Prnayathinte_thirichadi
07/05/2013 05:02:20 pm : added book Prnayathinte_thirichadi to mybooks
07/05/2013 05:02:20 pm : added book Prnayathinte_thirichadi to mybooks
07/05/2013 05:02:20 pm : added book Prnayathinte_thirichadi to mybooks
07/05/2013 05:02:34 pm : using 2 navigation with direction = 1
07/05/2013 05:02:52 pm : playing BalyakaalaSakh_Basheer
07/05/2013 05:02:55 pm : added book BalyakaalaSakh_Basheer to mybooks
07/05/2013 05:02:55 pm : added book BalyakaalaSakh_Basheer to mybooks
07/05/2013 05:02:55 pm : added book BalyakaalaSakh_Basheer to mybooks
07/05/2013 05:02:58 pm : Key press 66
07/05/2013 05:03:03 pm : Key press 74
07/05/2013 05:03:03 pm : Key press 74
07/05/2013 05:03:03 pm : Key press 74
07/05/2013 05:03:05 pm : create bookmark for Books/BalyakaalaSakh_Basheer
07/05/2013 05:03:05 pm : create bookmark for Books/BalyakaalaSakh_Basheer
07/05/2013 05:03:05 pm : create bookmark for Books/BalyakaalaSakh_Basheer
07/05/2013 05:03:06 pm : Key press 75
07/05/2013 05:04:04 pm : Key press 18
07/05/2013 05:04:52 pm : Key press 13
07/05/2013 05:06:49 pm : Key press 9
07/05/2013 05:06:53 pm : Key press 9
07/05/2013 05:06:54 pm : Key press 66
07/05/2013 05:06:56 pm : Key press 66
07/05/2013 05:07:00 pm : playing Prnayathinte_thirichadi
07/05/2013 05:07:08 pm : Key press 66
07/05/2013 05:07:09 pm : Key press 66
07/05/2013 05:07:11 pm : Key press 66
07/05/2013 05:07:11 pm : Key press 66
07/05/2013 05:07:11 pm : Key press 66
07/05/2013 05:07:12 pm : Key press 66
07/05/2013 05:07:12 pm : Key press 70
07/05/2013 05:07:15 pm : playing Prnayathinte_thirichadi
07/05/2013 05:07:15 pm : Key press 13
07/05/2013 05:07:17 pm : Key press 66
07/05/2013 05:07:22 pm : Key press 27
07/05/2013 05:07:23 pm : Key press 70
07/05/2013 05:08:23 pm : playing Prnayathinte_thirichadi
07/05/2013 05:08:33 pm : Key press 32
07/05/2013 05:09:02 pm : playing Prnayathinte_thirichadi
07/05/2013 05:09:04 pm : added book Prnayathinte_thirichadi to mybooks
07/05/2013 05:09:04 pm : added book Prnayathinte_thirichadi to mybooks
07/05/2013 05:09:04 pm : added book Prnayathinte_thirichadi to mybooks
07/05/2013 05:09:08 pm : playing Prnayathinte_thirichadi
07/05/2013 05:09:23 pm : Key press 65
07/05/2013 05:09:23 pm : Key press 40
07/05/2013 05:09:23 pm : using 1 navigation with direction = 1
07/05/2013 05:09:24 pm : using 1 navigation with direction = 1
07/05/2013 05:09:24 pm : Key press 40
07/05/2013 05:09:24 pm : Key press 40
07/05/2013 05:09:24 pm : using 1 navigation with direction = 1
07/05/2013 05:09:24 pm : Key press 40
07/05/2013 05:09:24 pm : using 1 navigation with direction = 1
07/05/2013 05:09:25 pm : using 1 navigation with direction = 1
07/05/2013 05:09:25 pm : Key press 40
07/05/2013 05:09:25 pm : Key press 65
07/05/2013 05:09:25 pm : Key press 9
07/05/2013 05:09:27 pm : Key press 9
07/05/2013 05:09:27 pm : Key press 9
07/05/2013 05:09:28 pm : Key press 65
07/05/2013 05:09:29 pm : Key press 9
07/05/2013 05:09:29 pm : Key press 40
07/05/2013 05:09:29 pm : using 1 navigation with direction = 1
07/05/2013 05:09:32 pm : using 1 navigation with direction = 1
07/05/2013 05:19:58 pm : playing Prnayathinte_thirichadi
07/05/2013 05:21:58 pm : Key press 87
07/05/2013 05:21:58 pm : Key press 17
07/05/2013 05:22:00 pm : playing Prnayathinte_thirichadi
07/05/2013 05:22:10 pm : Key press 66
07/05/2013 05:27:59 pm : playing hindisample
07/05/2013 05:36:45 pm : playing Prnayathinte_thirichadi
07/05/2013 05:36:49 pm : Key press 187
07/05/2013 05:36:49 pm : Key press 187
07/05/2013 05:36:50 pm : Key press 17
07/05/2013 05:36:51 pm : Key press 187
07/05/2013 05:36:51 pm : Key press 187
07/05/2013 05:36:51 pm : Key press 187
07/05/2013 05:36:51 pm : Key press 187
07/05/2013 05:36:52 pm : Key press 187
07/05/2013 05:36:53 pm : Key press 189
07/05/2013 05:36:53 pm : Key press 189
07/05/2013 05:36:54 pm : Key press 189
07/05/2013 05:36:54 pm : Key press 189
07/05/2013 05:36:54 pm : Key press 189
07/05/2013 05:36:54 pm : Key press 189
07/05/2013 05:36:54 pm : Key press 189
07/05/2013 05:36:55 pm : Key press 189
07/05/2013 05:36:55 pm : Key press 17
07/05/2013 05:36:55 pm : Key press 16
07/05/2013 05:36:58 pm : Key press 187
07/05/2013 05:36:59 pm : Key press 187
07/05/2013 05:36:59 pm : Key press 187
07/05/2013 05:37:00 pm : Key press 187
07/05/2013 05:37:00 pm : Key press 187
07/05/2013 05:37:01 pm : Key press 187
07/05/2013 05:37:01 pm : Key press 187
07/05/2013 05:37:02 pm : Key press 187
07/05/2013 05:37:02 pm : Key press 187
07/05/2013 05:37:03 pm : Key press 48
07/05/2013 05:37:03 pm : Key press 17
07/05/2013 05:37:16 pm : Key press 189
07/05/2013 05:37:16 pm : Key press 189
07/05/2013 05:37:17 pm : Key press 18
07/05/2013 05:37:17 pm : Key press 17
07/05/2013 05:37:17 pm : Key press 189
07/05/2013 05:37:17 pm : Key press 189
07/05/2013 05:37:18 pm : Key press 189
07/05/2013 05:37:18 pm : Key press 189
07/05/2013 05:37:18 pm : Key press 189
07/05/2013 05:37:18 pm : Key press 189
07/05/2013 05:37:18 pm : Key press 189
07/05/2013 05:37:21 pm : Key press 17
07/05/2013 05:37:23 pm : Key press 187
07/05/2013 05:37:23 pm : Key press 187
07/05/2013 05:37:23 pm : Key press 18
07/05/2013 05:37:23 pm : Key press 17
07/05/2013 05:37:25 pm : Key press 187
07/05/2013 05:37:25 pm : Key press 187
07/05/2013 05:37:25 pm : Key press 187
07/05/2013 05:37:25 pm : Key press 187
07/05/2013 05:37:26 pm : Key press 16
07/05/2013 05:37:26 pm : Key press 17
07/05/2013 06:11:11 pm : Key press 48
07/05/2013 06:11:11 pm : Key press 17
07/05/2013 06:11:14 pm : Key press 189
07/05/2013 06:11:16 pm : Key press 187
07/05/2013 06:11:17 pm : Key press 187
07/05/2013 06:11:19 pm : Key press 48
07/05/2013 06:11:19 pm : Key press 17
07/05/2013 06:24:49 pm : playing Mathilukal_Madhavikutti
07/05/2013 06:25:12 pm : playing Prnayathinte_thirichadi
07/05/2013 06:25:41 pm : using 2 navigation with direction = -1
07/05/2013 06:26:21 pm : Key press 13
07/05/2013 06:32:23 pm : playing Prnayathinte_thirichadi
07/05/2013 06:33:07 pm : Key press 9
07/05/2013 06:33:09 pm : playing Prnayathinte_thirichadi
07/05/2013 06:33:09 pm : Key press 13
07/05/2013 06:33:47 pm : playing Prnayathinte_thirichadi
07/05/2013 06:33:47 pm : Key press 13
07/05/2013 06:34:20 pm : playing Prnayathinte_thirichadi
07/05/2013 06:34:20 pm : Key press 13
07/05/2013 06:34:48 pm : playing Prnayathinte_thirichadi
07/05/2013 06:34:49 pm : Key press 13
07/05/2013 06:34:59 pm : Key press 9
07/05/2013 11:14:10 pm : playing Prnayathinte_thirichadi
07/05/2013 11:14:16 pm : Key press 66
