07/05/2013 03:45:26 am : playing Nirmala_Premchand
07/05/2013 03:45:29 am : added book Nirmala_Premchand to mybooks
07/05/2013 03:45:29 am : added book Nirmala_Premchand to mybooks
07/05/2013 03:45:29 am : added book Nirmala_Premchand to mybooks
07/05/2013 03:49:07 am : Key press 9
07/05/2013 03:49:29 am : playing Nirmala_Premchand
07/05/2013 03:49:34 am : added book Nirmala_Premchand to mybooks
07/05/2013 03:49:34 am : added book Nirmala_Premchand to mybooks
07/05/2013 03:49:34 am : added book Nirmala_Premchand to mybooks
07/05/2013 03:49:39 am : Key press 32
07/05/2013 03:50:20 am : Key press 9
07/05/2013 03:50:22 am : playing Nirmala_Premchand
07/05/2013 03:50:25 am : added book Nirmala_Premchand to mybooks
07/05/2013 03:50:25 am : added book Nirmala_Premchand to mybooks
07/05/2013 03:50:28 am : Key press 32
07/05/2013 03:50:31 am : Key press 9
07/05/2013 03:50:42 am : Key press 220
07/05/2013 03:50:45 am : playing Nirmala_Premchand
07/05/2013 03:50:48 am : added book Nirmala_Premchand to mybooks
07/05/2013 03:50:48 am : added book Nirmala_Premchand to mybooks
07/05/2013 03:50:49 am : Key press 32
07/05/2013 03:51:28 am : playing Nirmala_Premchand
07/05/2013 03:51:31 am : added book Nirmala_Premchand to mybooks
07/05/2013 03:51:31 am : added book Nirmala_Premchand to mybooks
07/05/2013 03:51:52 am : added book Nirmala_Premchand to mybooks
07/05/2013 03:52:43 am : playing Nirmala_Premchand
07/05/2013 03:52:45 am : Key press 32
07/05/2013 03:52:47 am : Key press 9
07/05/2013 03:52:50 am : added book Nirmala_Premchand to mybooks
07/05/2013 03:52:50 am : added book Nirmala_Premchand to mybooks
07/05/2013 03:52:50 am : added book Nirmala_Premchand to mybooks
07/05/2013 03:53:14 am : Key press 9
07/05/2013 03:53:58 am : Key press 9
07/05/2013 03:54:00 am : playing Nirmala_Premchand
07/05/2013 03:54:01 am : Key press 32
07/05/2013 03:54:11 am : Key press 9
07/05/2013 03:54:52 am : playing Nirmala_Premchand
07/05/2013 03:54:56 am : added book Nirmala_Premchand to mybooks
07/05/2013 03:54:56 am : added book Nirmala_Premchand to mybooks
07/05/2013 03:54:56 am : added book Nirmala_Premchand to mybooks
07/05/2013 03:55:00 am : Key press 70
07/05/2013 03:55:03 am : gave feedback for Nirmala_Premchand
07/05/2013 03:55:03 am : gave feedback for Nirmala_Premchand
07/05/2013 03:55:03 am : gave feedback for Nirmala_Premchand
07/05/2013 03:55:05 am : Key press 66
07/05/2013 03:55:08 am : create bookmark for Books/Nirmala_Premchand
07/05/2013 03:55:08 am : create bookmark for Books/Nirmala_Premchand
07/05/2013 03:55:08 am : create bookmark for Books/Nirmala_Premchand
07/05/2013 03:55:08 am : Key press 75
07/05/2013 03:55:12 am : Key press 27
07/05/2013 03:55:12 am : Key press 27
07/05/2013 03:58:02 am : playing Nirmala_Premchand
07/05/2013 03:58:04 am : Key press 66
07/05/2013 03:58:07 am : create bookmark for Books/Nirmala_Premchand
07/05/2013 03:58:07 am : create bookmark for Books/Nirmala_Premchand
07/05/2013 03:58:07 am : create bookmark for Books/Nirmala_Premchand
07/05/2013 03:58:08 am : Key press 75
07/05/2013 03:58:10 am : Key press 27
07/05/2013 04:34:03 am : Key press 9
07/05/2013 04:34:03 am : Key press 17
07/05/2013 04:40:26 am : playing Nirmala_Premchand
07/05/2013 04:40:27 am : Key press 32
07/05/2013 04:40:54 am : Key press 9
07/05/2013 04:40:56 am : playing Nirmala_Premchand
07/05/2013 04:40:58 am : Key press 32
07/05/2013 04:41:26 am : Key press 9
07/05/2013 04:41:46 am : Key press 9
07/05/2013 04:44:22 am : Key press 40
07/05/2013 04:44:22 am : Key press 40
07/05/2013 04:44:22 am : Key press 40
07/05/2013 04:44:23 am : Key press 38
07/05/2013 04:44:23 am : Key press 38
07/05/2013 04:44:23 am : Key press 38
07/05/2013 04:44:24 am : Key press 38
07/05/2013 04:44:24 am : Key press 40
07/05/2013 04:44:24 am : Key press 40
07/05/2013 04:45:31 am : Key press 187
07/05/2013 04:45:31 am : Key press 17
07/05/2013 04:45:33 am : Key press 40
07/05/2013 04:45:33 am : Key press 40
07/05/2013 04:45:33 am : Key press 40
07/05/2013 04:45:33 am : Key press 38
07/05/2013 04:45:34 am : Key press 38
07/05/2013 04:45:34 am : Key press 38
07/05/2013 04:45:34 am : Key press 40
07/05/2013 04:45:35 am : Key press 40
07/05/2013 04:45:35 am : Key press 38
07/05/2013 04:45:35 am : Key press 38
07/05/2013 04:45:36 am : Key press 40
07/05/2013 04:45:36 am : Key press 40
07/05/2013 04:45:36 am : Key press 38
07/05/2013 04:45:36 am : Key press 38
07/05/2013 04:45:37 am : Key press 40
07/05/2013 04:45:37 am : Key press 40
07/05/2013 04:45:37 am : Key press 38
07/05/2013 04:45:38 am : Key press 38
07/05/2013 04:45:38 am : Key press 38
07/05/2013 04:45:38 am : Key press 40
07/05/2013 04:45:39 am : Key press 40
07/05/2013 04:45:42 am : Key press 9
07/05/2013 04:46:01 am : Key press 9
07/05/2013 04:47:06 am : Key press 40
07/05/2013 04:47:07 am : Key press 38
07/05/2013 04:47:07 am : Key press 40
07/05/2013 04:47:07 am : Key press 40
07/05/2013 04:47:08 am : Key press 40
07/05/2013 04:47:08 am : Key press 38
07/05/2013 04:47:08 am : using sentence navigation with direction = 1
07/05/2013 04:47:08 am : Key press 39
07/05/2013 04:47:09 am : Key press 39
07/05/2013 04:47:09 am : using sentence navigation with direction = 1
07/05/2013 04:47:10 am : Key press 37
07/05/2013 04:47:10 am : using sentence navigation with direction = -1
07/05/2013 04:47:25 am : Key press 9
07/05/2013 04:47:27 am : using sentence navigation with direction = 1
07/05/2013 04:47:27 am : Key press 39
07/05/2013 04:47:28 am : using sentence navigation with direction = 1
07/05/2013 04:47:28 am : Key press 39
07/05/2013 04:47:28 am : using sentence navigation with direction = 1
07/05/2013 04:47:28 am : Key press 39
07/05/2013 04:47:28 am : Key press 39
07/05/2013 04:47:28 am : using sentence navigation with direction = 1
07/05/2013 04:47:29 am : Key press 37
07/05/2013 04:47:29 am : using sentence navigation with direction = -1
07/05/2013 04:47:29 am : Key press 37
07/05/2013 04:47:29 am : using sentence navigation with direction = -1
07/05/2013 04:47:29 am : Key press 37
07/05/2013 04:47:29 am : using sentence navigation with direction = -1
07/05/2013 04:47:30 am : Key press 40
07/05/2013 04:47:30 am : Key press 40
07/05/2013 04:47:30 am : Key press 38
07/05/2013 04:47:30 am : Key press 38
07/05/2013 04:47:30 am : Key press 38
07/05/2013 04:47:31 am : Key press 40
07/05/2013 04:47:31 am : Key press 40
07/05/2013 04:47:31 am : Key press 40
07/05/2013 04:47:31 am : Key press 38
07/05/2013 04:47:32 am : Key press 38
07/05/2013 04:47:33 am : Key press 9
07/05/2013 04:47:34 am : Key press 40
07/05/2013 04:47:34 am : Key press 40
07/05/2013 04:47:34 am : Key press 40
07/05/2013 04:47:35 am : Key press 38
07/05/2013 04:47:35 am : Key press 38
07/05/2013 04:47:35 am : Key press 38
07/05/2013 04:47:35 am : Key press 40
07/05/2013 04:47:35 am : Key press 40
07/05/2013 04:47:45 am : Key press 9
07/05/2013 04:47:47 am : Key press 48
07/05/2013 04:47:47 am : Key press 17
07/05/2013 04:48:11 am : Key press 9
07/05/2013 04:51:26 am : Key press 187
07/05/2013 04:51:42 am : Key press 9
07/05/2013 04:51:44 am : Key press 189
07/05/2013 04:53:32 am : Key press 9
07/05/2013 04:53:35 am : Key press 38
07/05/2013 04:53:46 am : Key press 9
07/05/2013 04:53:47 am : Key press 40
07/05/2013 04:55:26 am : Key press 9
07/05/2013 04:55:28 am : Key press 190
07/05/2013 04:55:28 am : using 0 navigation with direction = 1
07/05/2013 04:55:37 am : Key press 9
07/05/2013 04:55:38 am : Key press 37
07/05/2013 04:55:38 am : using sentence navigation with direction = -1
07/05/2013 04:55:39 am : Key press 188
07/05/2013 04:55:40 am : using 0 navigation with direction = -1
07/05/2013 04:56:15 am : Key press 9
07/05/2013 04:56:17 am : Key press 48
07/05/2013 04:57:01 am : Key press 9
07/05/2013 04:57:04 am : Key press 190
07/05/2013 04:57:05 am : using 0 navigation with direction = 1
07/05/2013 04:57:05 am : Key press 190
07/05/2013 04:57:06 am : using 0 navigation with direction = 1
07/05/2013 04:57:06 am : Key press 190
07/05/2013 04:57:06 am : using 0 navigation with direction = 1
07/05/2013 04:57:18 am : Key press 9
07/05/2013 04:57:22 am : Key press 190
07/05/2013 04:57:22 am : Key press 190
07/05/2013 04:57:23 am : Key press 190
07/05/2013 04:57:24 am : Key press 190
07/05/2013 04:57:24 am : Key press 48
07/05/2013 04:57:26 am : Key press 190
07/05/2013 04:57:26 am : Key press 190
07/05/2013 04:57:26 am : Key press 190
07/05/2013 04:57:27 am : Key press 188
07/05/2013 04:57:27 am : Key press 188
07/05/2013 04:57:27 am : Key press 188
07/05/2013 04:57:27 am : Key press 188
07/05/2013 04:57:28 am : Key press 48
07/05/2013 04:57:34 am : Key press 9
07/05/2013 05:00:58 am : Key press 9
07/05/2013 05:00:58 am : Key press 17
07/05/2013 05:05:56 am : Key press 9
